ARM GAS  /run/user/1000/ccK8MJDn.s 			page 1


   1              		.cpu cortex-m3
   2              		.arch armv7-m
   3              		.fpu softvfp
   4              		.eabi_attribute 20, 1
   5              		.eabi_attribute 21, 1
   6              		.eabi_attribute 23, 3
   7              		.eabi_attribute 24, 1
   8              		.eabi_attribute 25, 1
   9              		.eabi_attribute 26, 1
  10              		.eabi_attribute 30, 1
  11              		.eabi_attribute 34, 1
  12              		.eabi_attribute 18, 4
  13              		.file	"wwdg.c"
  14              		.text
  15              	.Ltext0:
  16              		.cfi_sections	.debug_frame
  17              		.file 1 "Core/Src/wwdg.c"
  18              		.section	.text.MX_WWDG_Init,"ax",%progbits
  19              		.align	1
  20              		.global	MX_WWDG_Init
  21              		.syntax unified
  22              		.thumb
  23              		.thumb_func
  25              	MX_WWDG_Init:
  26              	.LFB65:
   1:Core/Src/wwdg.c **** /* USER CODE BEGIN Header */
   2:Core/Src/wwdg.c **** /**
   3:Core/Src/wwdg.c ****   ******************************************************************************
   4:Core/Src/wwdg.c ****   * @file    wwdg.c
   5:Core/Src/wwdg.c ****   * @brief   This file provides code for the configuration
   6:Core/Src/wwdg.c ****   *          of the WWDG instances.
   7:Core/Src/wwdg.c ****   ******************************************************************************
   8:Core/Src/wwdg.c ****   * @attention
   9:Core/Src/wwdg.c ****   *
  10:Core/Src/wwdg.c ****   * Copyright (c) 2023 STMicroelectronics.
  11:Core/Src/wwdg.c ****   * All rights reserved.
  12:Core/Src/wwdg.c ****   *
  13:Core/Src/wwdg.c ****   * This software is licensed under terms that can be found in the LICENSE file
  14:Core/Src/wwdg.c ****   * in the root directory of this software component.
  15:Core/Src/wwdg.c ****   * If no LICENSE file comes with this software, it is provided AS-IS.
  16:Core/Src/wwdg.c ****   *
  17:Core/Src/wwdg.c ****   ******************************************************************************
  18:Core/Src/wwdg.c ****   */
  19:Core/Src/wwdg.c **** /* USER CODE END Header */
  20:Core/Src/wwdg.c **** /* Includes ------------------------------------------------------------------*/
  21:Core/Src/wwdg.c **** #include "wwdg.h"
  22:Core/Src/wwdg.c **** 
  23:Core/Src/wwdg.c **** /* USER CODE BEGIN 0 */
  24:Core/Src/wwdg.c **** 
  25:Core/Src/wwdg.c **** /* USER CODE END 0 */
  26:Core/Src/wwdg.c **** 
  27:Core/Src/wwdg.c **** WWDG_HandleTypeDef hwwdg;
  28:Core/Src/wwdg.c **** 
  29:Core/Src/wwdg.c **** /* WWDG init function */
  30:Core/Src/wwdg.c **** void MX_WWDG_Init(void)
  31:Core/Src/wwdg.c **** {
  27              		.loc 1 31 1 view -0
ARM GAS  /run/user/1000/ccK8MJDn.s 			page 2


  28              		.cfi_startproc
  29              		@ args = 0, pretend = 0, frame = 0
  30              		@ frame_needed = 0, uses_anonymous_args = 0
  31 0000 08B5     		push	{r3, lr}
  32              	.LCFI0:
  33              		.cfi_def_cfa_offset 8
  34              		.cfi_offset 3, -8
  35              		.cfi_offset 14, -4
  32:Core/Src/wwdg.c **** 
  33:Core/Src/wwdg.c ****   /* USER CODE BEGIN WWDG_Init 0 */
  34:Core/Src/wwdg.c **** 
  35:Core/Src/wwdg.c ****   /* USER CODE END WWDG_Init 0 */
  36:Core/Src/wwdg.c **** 
  37:Core/Src/wwdg.c ****   /* USER CODE BEGIN WWDG_Init 1 */
  38:Core/Src/wwdg.c **** 
  39:Core/Src/wwdg.c ****   /* USER CODE END WWDG_Init 1 */
  40:Core/Src/wwdg.c ****   hwwdg.Instance = WWDG;
  36              		.loc 1 40 3 view .LVU1
  37              		.loc 1 40 18 is_stmt 0 view .LVU2
  38 0002 0848     		ldr	r0, .L5
  39 0004 084B     		ldr	r3, .L5+4
  40 0006 0360     		str	r3, [r0]
  41:Core/Src/wwdg.c ****   hwwdg.Init.Prescaler = WWDG_PRESCALER_1;
  41              		.loc 1 41 3 is_stmt 1 view .LVU3
  42              		.loc 1 41 24 is_stmt 0 view .LVU4
  43 0008 0023     		movs	r3, #0
  44 000a 4360     		str	r3, [r0, #4]
  42:Core/Src/wwdg.c ****   hwwdg.Init.Window = 64;
  45              		.loc 1 42 3 is_stmt 1 view .LVU5
  46              		.loc 1 42 21 is_stmt 0 view .LVU6
  47 000c 4022     		movs	r2, #64
  48 000e 8260     		str	r2, [r0, #8]
  43:Core/Src/wwdg.c ****   hwwdg.Init.Counter = 64;
  49              		.loc 1 43 3 is_stmt 1 view .LVU7
  50              		.loc 1 43 22 is_stmt 0 view .LVU8
  51 0010 C260     		str	r2, [r0, #12]
  44:Core/Src/wwdg.c ****   hwwdg.Init.EWIMode = WWDG_EWI_DISABLE;
  52              		.loc 1 44 3 is_stmt 1 view .LVU9
  53              		.loc 1 44 22 is_stmt 0 view .LVU10
  54 0012 0361     		str	r3, [r0, #16]
  45:Core/Src/wwdg.c ****   if (HAL_WWDG_Init(&hwwdg) != HAL_OK)
  55              		.loc 1 45 3 is_stmt 1 view .LVU11
  56              		.loc 1 45 7 is_stmt 0 view .LVU12
  57 0014 FFF7FEFF 		bl	HAL_WWDG_Init
  58              	.LVL0:
  59              		.loc 1 45 6 view .LVU13
  60 0018 00B9     		cbnz	r0, .L4
  61              	.L1:
  46:Core/Src/wwdg.c ****   {
  47:Core/Src/wwdg.c ****     Error_Handler();
  48:Core/Src/wwdg.c ****   }
  49:Core/Src/wwdg.c ****   /* USER CODE BEGIN WWDG_Init 2 */
  50:Core/Src/wwdg.c **** 
  51:Core/Src/wwdg.c ****   /* USER CODE END WWDG_Init 2 */
  52:Core/Src/wwdg.c **** 
  53:Core/Src/wwdg.c **** }
  62              		.loc 1 53 1 view .LVU14
ARM GAS  /run/user/1000/ccK8MJDn.s 			page 3


  63 001a 08BD     		pop	{r3, pc}
  64              	.L4:
  47:Core/Src/wwdg.c ****   }
  65              		.loc 1 47 5 is_stmt 1 view .LVU15
  66 001c FFF7FEFF 		bl	Error_Handler
  67              	.LVL1:
  68              		.loc 1 53 1 is_stmt 0 view .LVU16
  69 0020 FBE7     		b	.L1
  70              	.L6:
  71 0022 00BF     		.align	2
  72              	.L5:
  73 0024 00000000 		.word	hwwdg
  74 0028 002C0040 		.word	1073753088
  75              		.cfi_endproc
  76              	.LFE65:
  78              		.section	.text.HAL_WWDG_MspInit,"ax",%progbits
  79              		.align	1
  80              		.global	HAL_WWDG_MspInit
  81              		.syntax unified
  82              		.thumb
  83              		.thumb_func
  85              	HAL_WWDG_MspInit:
  86              	.LVL2:
  87              	.LFB66:
  54:Core/Src/wwdg.c **** 
  55:Core/Src/wwdg.c **** void HAL_WWDG_MspInit(WWDG_HandleTypeDef* wwdgHandle)
  56:Core/Src/wwdg.c **** {
  88              		.loc 1 56 1 is_stmt 1 view -0
  89              		.cfi_startproc
  90              		@ args = 0, pretend = 0, frame = 8
  91              		@ frame_needed = 0, uses_anonymous_args = 0
  92              		@ link register save eliminated.
  57:Core/Src/wwdg.c **** 
  58:Core/Src/wwdg.c ****   if(wwdgHandle->Instance==WWDG)
  93              		.loc 1 58 3 view .LVU18
  94              		.loc 1 58 16 is_stmt 0 view .LVU19
  95 0000 0268     		ldr	r2, [r0]
  96              		.loc 1 58 5 view .LVU20
  97 0002 094B     		ldr	r3, .L14
  98 0004 9A42     		cmp	r2, r3
  99 0006 00D0     		beq	.L13
 100 0008 7047     		bx	lr
 101              	.L13:
  56:Core/Src/wwdg.c **** 
 102              		.loc 1 56 1 view .LVU21
 103 000a 82B0     		sub	sp, sp, #8
 104              	.LCFI1:
 105              		.cfi_def_cfa_offset 8
  59:Core/Src/wwdg.c ****   {
  60:Core/Src/wwdg.c ****   /* USER CODE BEGIN WWDG_MspInit 0 */
  61:Core/Src/wwdg.c **** 
  62:Core/Src/wwdg.c ****   /* USER CODE END WWDG_MspInit 0 */
  63:Core/Src/wwdg.c ****     /* WWDG clock enable */
  64:Core/Src/wwdg.c ****     __HAL_RCC_WWDG_CLK_ENABLE();
 106              		.loc 1 64 5 is_stmt 1 view .LVU22
 107              	.LBB2:
 108              		.loc 1 64 5 view .LVU23
ARM GAS  /run/user/1000/ccK8MJDn.s 			page 4


 109              		.loc 1 64 5 view .LVU24
 110 000c 03F5F233 		add	r3, r3, #123904
 111 0010 DA69     		ldr	r2, [r3, #28]
 112 0012 42F40062 		orr	r2, r2, #2048
 113 0016 DA61     		str	r2, [r3, #28]
 114              		.loc 1 64 5 view .LVU25
 115 0018 DB69     		ldr	r3, [r3, #28]
 116 001a 03F40063 		and	r3, r3, #2048
 117 001e 0193     		str	r3, [sp, #4]
 118              		.loc 1 64 5 view .LVU26
 119 0020 019B     		ldr	r3, [sp, #4]
 120              	.LBE2:
 121              		.loc 1 64 5 view .LVU27
  65:Core/Src/wwdg.c ****   /* USER CODE BEGIN WWDG_MspInit 1 */
  66:Core/Src/wwdg.c **** 
  67:Core/Src/wwdg.c ****   /* USER CODE END WWDG_MspInit 1 */
  68:Core/Src/wwdg.c ****   }
  69:Core/Src/wwdg.c **** }
 122              		.loc 1 69 1 is_stmt 0 view .LVU28
 123 0022 02B0     		add	sp, sp, #8
 124              	.LCFI2:
 125              		.cfi_def_cfa_offset 0
 126              		@ sp needed
 127 0024 7047     		bx	lr
 128              	.L15:
 129 0026 00BF     		.align	2
 130              	.L14:
 131 0028 002C0040 		.word	1073753088
 132              		.cfi_endproc
 133              	.LFE66:
 135              		.global	hwwdg
 136              		.section	.bss.hwwdg,"aw",%nobits
 137              		.align	2
 140              	hwwdg:
 141 0000 00000000 		.space	20
 141      00000000 
 141      00000000 
 141      00000000 
 141      00000000 
 142              		.text
 143              	.Letext0:
 144              		.file 2 "/nix/store/mkvk7zrbvp1s74g92kjd4qx60nmclfn3-gcc-arm-embedded-12.3.rel1/arm-none-eabi/incl
 145              		.file 3 "/nix/store/mkvk7zrbvp1s74g92kjd4qx60nmclfn3-gcc-arm-embedded-12.3.rel1/arm-none-eabi/incl
 146              		.file 4 "Drivers/CMSIS/Device/ST/STM32F1xx/Include/stm32f103xb.h"
 147              		.file 5 "Drivers/STM32F1xx_HAL_Driver/Inc/stm32f1xx_hal_def.h"
 148              		.file 6 "Drivers/STM32F1xx_HAL_Driver/Inc/stm32f1xx_hal_wwdg.h"
 149              		.file 7 "Core/Inc/wwdg.h"
 150              		.file 8 "Core/Inc/main.h"
ARM GAS  /run/user/1000/ccK8MJDn.s 			page 5


DEFINED SYMBOLS
                            *ABS*:00000000 wwdg.c
/run/user/1000/ccK8MJDn.s:19     .text.MX_WWDG_Init:00000000 $t
/run/user/1000/ccK8MJDn.s:25     .text.MX_WWDG_Init:00000000 MX_WWDG_Init
/run/user/1000/ccK8MJDn.s:73     .text.MX_WWDG_Init:00000024 $d
/run/user/1000/ccK8MJDn.s:140    .bss.hwwdg:00000000 hwwdg
/run/user/1000/ccK8MJDn.s:79     .text.HAL_WWDG_MspInit:00000000 $t
/run/user/1000/ccK8MJDn.s:85     .text.HAL_WWDG_MspInit:00000000 HAL_WWDG_MspInit
/run/user/1000/ccK8MJDn.s:131    .text.HAL_WWDG_MspInit:00000028 $d
/run/user/1000/ccK8MJDn.s:137    .bss.hwwdg:00000000 $d

UNDEFINED SYMBOLS
HAL_WWDG_Init
Error_Handler
